Flow report for TopDE
Mon Oct 24 14:24:04 2016
Quartus II 64-Bit Version 13.0.1 Build 232 06/12/2013 Service Pack 1 SJ Web Edition


---------------------
; Table of Contents ;
---------------------
  1. Legal Notice
  2. Flow Summary
  3. Flow Settings
  4. Flow Non-Default Global Settings
  5. Flow Elapsed Time
  6. Flow OS Summary
  7. Flow Log
  8. Flow Messages
  9. Flow Suppressed Messages



----------------
; Legal Notice ;
----------------
Copyright (C) 1991-2013 Altera Corporation
Your use of Altera Corporation's design tools, logic functions 
and other software and tools, and its AMPP partner logic 
functions, and any output files from any of the foregoing 
(including device programming or simulation files), and any 
associated documentation or information are expressly subject 
to the terms and conditions of the Altera Program License 
Subscription Agreement, Altera MegaCore Function License 
Agreement, or other applicable license agreement, including, 
without limitation, that your use is for the sole purpose of 
programming logic devices manufactured by Altera and sold by 
Altera or its authorized distributors.  Please refer to the 
applicable agreement for further details.



+--------------------------------------------------------------------------------------+
; Flow Summary                                                                         ;
+------------------------------------+-------------------------------------------------+
; Flow Status                        ; Successful - Mon Oct 24 14:24:03 2016           ;
; Quartus II 64-Bit Version          ; 13.0.1 Build 232 06/12/2013 SP 1 SJ Web Edition ;
; Revision Name                      ; TopDE                                           ;
; Top-level Entity Name              ; TopDE                                           ;
; Family                             ; Cyclone II                                      ;
; Device                             ; EP2C70F896C6                                    ;
; Timing Models                      ; Final                                           ;
; Total logic elements               ; 24,690 / 68,416 ( 36 % )                        ;
;     Total combinational functions  ; 22,683 / 68,416 ( 33 % )                        ;
;     Dedicated logic registers      ; 6,516 / 68,416 ( 10 % )                         ;
; Total registers                    ; 6516                                            ;
; Total pins                         ; 568 / 622 ( 91 % )                              ;
; Total virtual pins                 ; 0                                               ;
; Total memory bits                  ; 858,583 / 1,152,000 ( 75 % )                    ;
; Embedded Multiplier 9-bit elements ; 57 / 300 ( 19 % )                               ;
; Total PLLs                         ; 3 / 4 ( 75 % )                                  ;
+------------------------------------+-------------------------------------------------+


+-----------------------------------------+
; Flow Settings                           ;
+-------------------+---------------------+
; Option            ; Setting             ;
+-------------------+---------------------+
; Start date & time ; 10/24/2016 14:04:01 ;
; Main task         ; Compilation         ;
; Revision Name     ; TopDE               ;
+-------------------+---------------------+


+---------------------------------------------------------------------------------------------------------------------------------------------------------------------------------------------------------------+
; Flow Non-Default Global Settings                                                                                                                                                                              ;
+-------------------------------------+---------------------------------------------------------------------------------------------------------+--------------------------------+-------------+----------------+
; Assignment Name                     ; Value                                                                                                   ; Default Value                  ; Entity Name ; Section Id     ;
+-------------------------------------+---------------------------------------------------------------------------------------------------------+--------------------------------+-------------+----------------+
; ADV_NETLIST_OPT_SYNTH_WYSIWYG_REMAP ; On                                                                                                      ; Off                            ; --          ; --             ;
; ALLOW_POWER_UP_DONT_CARE            ; Off                                                                                                     ; On                             ; --          ; --             ;
; AUTO_PACKED_REGISTERS_STRATIXII     ; Normal                                                                                                  ; Auto                           ; --          ; --             ;
; COMPILER_SIGNATURE_ID               ; 189794993629269.147732504102863                                                                         ; --                             ; --          ; --             ;
; EDA_GENERATE_FUNCTIONAL_NETLIST     ; Off                                                                                                     ; --                             ; --          ; eda_simulation ;
; EDA_OUTPUT_DATA_FORMAT              ; Verilog Hdl                                                                                             ; --                             ; --          ; eda_simulation ;
; EDA_SIMULATION_TOOL                 ; ModelSim-Altera (Verilog)                                                                               ; <None>                         ; --          ; --             ;
; EDA_TIME_SCALE                      ; 1 ps                                                                                                    ; --                             ; --          ; eda_simulation ;
; ENABLE_DRC_SETTINGS                 ; On                                                                                                      ; Off                            ; --          ; --             ;
; ENABLE_SIGNALTAP                    ; Off                                                                                                     ; --                             ; --          ; --             ;
; IP_TOOL_NAME                        ; ALTFP_SQRT                                                                                              ; --                             ; --          ; --             ;
; IP_TOOL_NAME                        ; ALTFP_MULT                                                                                              ; --                             ; --          ; --             ;
; IP_TOOL_NAME                        ; ALTFP_DIV                                                                                               ; --                             ; --          ; --             ;
; IP_TOOL_NAME                        ; ALTFP_CONVERT                                                                                           ; --                             ; --          ; --             ;
; IP_TOOL_NAME                        ; ALTFP_CONVERT                                                                                           ; --                             ; --          ; --             ;
; IP_TOOL_NAME                        ; ALTFP_COMPARE                                                                                           ; --                             ; --          ; --             ;
; IP_TOOL_NAME                        ; ALTFP_COMPARE                                                                                           ; --                             ; --          ; --             ;
; IP_TOOL_NAME                        ; ALTFP_COMPARE                                                                                           ; --                             ; --          ; --             ;
; IP_TOOL_NAME                        ; ALTFP_ADD_SUB                                                                                           ; --                             ; --          ; --             ;
; IP_TOOL_NAME                        ; ALTFP_ABS                                                                                               ; --                             ; --          ; --             ;
; IP_TOOL_NAME                        ; ALTPLL                                                                                                  ; --                             ; --          ; --             ;
; IP_TOOL_NAME                        ; RAM: 2-PORT                                                                                             ; --                             ; --          ; --             ;
; IP_TOOL_NAME                        ; RAM: 1-PORT                                                                                             ; --                             ; --          ; --             ;
; IP_TOOL_NAME                        ; RAM: 1-PORT                                                                                             ; --                             ; --          ; --             ;
; IP_TOOL_NAME                        ; RAM: 1-PORT                                                                                             ; --                             ; --          ; --             ;
; IP_TOOL_NAME                        ; RAM: 1-PORT                                                                                             ; --                             ; --          ; --             ;
; IP_TOOL_NAME                        ; ROM: 1-PORT                                                                                             ; --                             ; --          ; --             ;
; IP_TOOL_NAME                        ; ALTPLL                                                                                                  ; --                             ; --          ; --             ;
; IP_TOOL_NAME                        ; RAM: 2-PORT                                                                                             ; --                             ; --          ; --             ;
; IP_TOOL_VERSION                     ; 9.1                                                                                                     ; --                             ; --          ; --             ;
; IP_TOOL_VERSION                     ; 9.1                                                                                                     ; --                             ; --          ; --             ;
; IP_TOOL_VERSION                     ; 9.1                                                                                                     ; --                             ; --          ; --             ;
; IP_TOOL_VERSION                     ; 9.1                                                                                                     ; --                             ; --          ; --             ;
; IP_TOOL_VERSION                     ; 9.1                                                                                                     ; --                             ; --          ; --             ;
; IP_TOOL_VERSION                     ; 9.1                                                                                                     ; --                             ; --          ; --             ;
; IP_TOOL_VERSION                     ; 9.1                                                                                                     ; --                             ; --          ; --             ;
; IP_TOOL_VERSION                     ; 9.1                                                                                                     ; --                             ; --          ; --             ;
; IP_TOOL_VERSION                     ; 9.1                                                                                                     ; --                             ; --          ; --             ;
; IP_TOOL_VERSION                     ; 9.1                                                                                                     ; --                             ; --          ; --             ;
; IP_TOOL_VERSION                     ; 13.0                                                                                                    ; --                             ; --          ; --             ;
; IP_TOOL_VERSION                     ; 13.0                                                                                                    ; --                             ; --          ; --             ;
; IP_TOOL_VERSION                     ; 13.0                                                                                                    ; --                             ; --          ; --             ;
; IP_TOOL_VERSION                     ; 13.0                                                                                                    ; --                             ; --          ; --             ;
; IP_TOOL_VERSION                     ; 13.0                                                                                                    ; --                             ; --          ; --             ;
; IP_TOOL_VERSION                     ; 13.0                                                                                                    ; --                             ; --          ; --             ;
; IP_TOOL_VERSION                     ; 13.0                                                                                                    ; --                             ; --          ; --             ;
; IP_TOOL_VERSION                     ; 9.1                                                                                                     ; --                             ; --          ; --             ;
; IP_TOOL_VERSION                     ; 13.0                                                                                                    ; --                             ; --          ; --             ;
; MAX_CORE_JUNCTION_TEMP              ; 85                                                                                                      ; --                             ; --          ; --             ;
; MIN_CORE_JUNCTION_TEMP              ; 0                                                                                                       ; --                             ; --          ; --             ;
; MISC_FILE                           ; Cop1/sqrt_s_bb.v                                                                                        ; --                             ; --          ; --             ;
; MISC_FILE                           ; Cop1/mul_s_bb.v                                                                                         ; --                             ; --          ; --             ;
; MISC_FILE                           ; Cop1/div_s_bb.v                                                                                         ; --                             ; --          ; --             ;
; MISC_FILE                           ; Cop1/cvt_w_s_bb.v                                                                                       ; --                             ; --          ; --             ;
; MISC_FILE                           ; Cop1/cvt_s_w_bb.v                                                                                       ; --                             ; --          ; --             ;
; MISC_FILE                           ; Cop1/c_lt_s_bb.v                                                                                        ; --                             ; --          ; --             ;
; MISC_FILE                           ; Cop1/c_le_s_bb.v                                                                                        ; --                             ; --          ; --             ;
; MISC_FILE                           ; Cop1/c_eq_s_bb.v                                                                                        ; --                             ; --          ; --             ;
; MISC_FILE                           ; Cop1/abs_s_bb.v                                                                                         ; --                             ; --          ; --             ;
; MISC_FILE                           ; Tempo/PLL.ppf                                                                                           ; --                             ; --          ; --             ;
; MISC_FILE                           ; VGA/VgaPll.ppf                                                                                          ; --                             ; --          ; --             ;
; MUX_RESTRUCTURE                     ; Off                                                                                                     ; Auto                           ; --          ; --             ;
; OPTIMIZE_HOLD_TIMING                ; Off                                                                                                     ; IO Paths and Minimum TPD Paths ; --          ; --             ;
; OPTIMIZE_MULTI_CORNER_TIMING        ; Off                                                                                                     ; On                             ; --          ; --             ;
; PARTITION_COLOR                     ; 16764057                                                                                                ; --                             ; --          ; Top            ;
; PARTITION_FITTER_PRESERVATION_LEVEL ; PLACEMENT_AND_ROUTING                                                                                   ; --                             ; --          ; Top            ;
; PARTITION_NETLIST_TYPE              ; SOURCE                                                                                                  ; --                             ; --          ; Top            ;
; POWER_BOARD_THERMAL_MODEL           ; None (CONSERVATIVE)                                                                                     ; --                             ; --          ; --             ;
; POWER_PRESET_COOLING_SOLUTION       ; 23 MM HEAT SINK WITH 200 LFPM AIRFLOW                                                                   ; --                             ; --          ; --             ;
; PROJECT_OUTPUT_DIRECTORY            ; output_files                                                                                            ; --                             ; --          ; --             ;
; ROUTER_TIMING_OPTIMIZATION_LEVEL    ; MAXIMUM                                                                                                 ; Normal                         ; --          ; --             ;
; SLD_FILE                            ; C:/Users/lamar/Dropbox/kiko/Disciplinas/UnB/OAC/2016-2/MIPS-PUM-v4.4/Core/Testes/stp1_auto_stripped.stp ; --                             ; --          ; --             ;
; SMART_RECOMPILE                     ; On                                                                                                      ; Off                            ; --          ; --             ;
; STATE_MACHINE_PROCESSING            ; One-Hot                                                                                                 ; Auto                           ; --          ; --             ;
; TIMEQUEST_DO_REPORT_TIMING          ; On                                                                                                      ; Off                            ; --          ; --             ;
; USE_SIGNALTAP_FILE                  ; Testes/stp1.stp                                                                                         ; --                             ; --          ; --             ;
; VERILOG_INPUT_VERSION               ; SystemVerilog_2005                                                                                      ; Verilog_2001                   ; --          ; --             ;
; VERILOG_SHOW_LMF_MAPPING_MESSAGES   ; Off                                                                                                     ; --                             ; --          ; --             ;
+-------------------------------------+---------------------------------------------------------------------------------------------------------+--------------------------------+-------------+----------------+


+--------------------------------------------------------------------------------------------------------------------------+
; Flow Elapsed Time                                                                                                        ;
+----------------------+--------------+-------------------------+---------------------+------------------------------------+
; Module Name          ; Elapsed Time ; Average Processors Used ; Peak Virtual Memory ; Total CPU Time (on all processors) ;
+----------------------+--------------+-------------------------+---------------------+------------------------------------+
; Analysis & Synthesis ; 00:02:30     ; 1.0                     ; 836 MB              ; 00:02:30                           ;
; Fitter               ; 00:17:25     ; 1.0                     ; 1141 MB             ; 00:17:25                           ;
; Total                ; 00:19:55     ; --                      ; --                  ; 00:19:55                           ;
+----------------------+--------------+-------------------------+---------------------+------------------------------------+


+----------------------------------------------------------------------------------------+
; Flow OS Summary                                                                        ;
+----------------------+------------------+----------------+------------+----------------+
; Module Name          ; Machine Hostname ; OS Name        ; OS Version ; Processor type ;
+----------------------+------------------+----------------+------------+----------------+
; Analysis & Synthesis ; lindao           ; Ubuntu 14.04.5 ; 14         ; x86_64         ;
; Fitter               ; lindao           ; Ubuntu 14.04.5 ; 14         ; x86_64         ;
+----------------------+------------------+----------------+------------+----------------+


------------
; Flow Log ;
------------
quartus_map --read_settings_files=on --write_settings_files=off TopDE -c TopDE
quartus_fit --read_settings_files=off --write_settings_files=off TopDE -c TopDE



