Flow report for TopDE-FastCompilation
Mon Jun 26 11:05:04 2017
Quartus II 64-Bit Version 13.0.0 Build 156 04/24/2013 SJ Web Edition


---------------------
; Table of Contents ;
---------------------
  1. Legal Notice
  2. Flow Summary
  3. Flow Settings
  4. Flow Non-Default Global Settings
  5. Flow Elapsed Time
  6. Flow OS Summary
  7. Flow Log
  8. Flow Messages
  9. Flow Suppressed Messages



----------------
; Legal Notice ;
----------------
Copyright (C) 1991-2013 Altera Corporation
Your use of Altera Corporation's design tools, logic functions 
and other software and tools, and its AMPP partner logic 
functions, and any output files from any of the foregoing 
(including device programming or simulation files), and any 
associated documentation or information are expressly subject 
to the terms and conditions of the Altera Program License 
Subscription Agreement, Altera MegaCore Function License 
Agreement, or other applicable license agreement, including, 
without limitation, that your use is for the sole purpose of 
programming logic devices manufactured by Altera and sold by 
Altera or its authorized distributors.  Please refer to the 
applicable agreement for further details.



+---------------------------------------------------------------------------------+
; Flow Summary                                                                    ;
+------------------------------------+--------------------------------------------+
; Flow Status                        ; Successful - Mon Jun 26 11:05:04 2017      ;
; Quartus II 64-Bit Version          ; 13.0.0 Build 156 04/24/2013 SJ Web Edition ;
; Revision Name                      ; TopDE-FastCompilation                      ;
; Top-level Entity Name              ; TopDE                                      ;
; Family                             ; Cyclone II                                 ;
; Device                             ; EP2C70F896C6                               ;
; Timing Models                      ; Final                                      ;
; Total logic elements               ; 16,721 / 68,416 ( 24 % )                   ;
;     Total combinational functions  ; 15,750 / 68,416 ( 23 % )                   ;
;     Dedicated logic registers      ; 4,006 / 68,416 ( 6 % )                     ;
; Total registers                    ; 4006                                       ;
; Total pins                         ; 568 / 622 ( 91 % )                         ;
; Total virtual pins                 ; 0                                          ;
; Total memory bits                  ; 853,691 / 1,152,000 ( 74 % )               ;
; Embedded Multiplier 9-bit elements ; 34 / 300 ( 11 % )                          ;
; Total PLLs                         ; 3 / 4 ( 75 % )                             ;
+------------------------------------+--------------------------------------------+


+-------------------------------------------+
; Flow Settings                             ;
+-------------------+-----------------------+
; Option            ; Setting               ;
+-------------------+-----------------------+
; Start date & time ; 06/26/2017 10:56:37   ;
; Main task         ; Compilation           ;
; Revision Name     ; TopDE-FastCompilation ;
+-------------------+-----------------------+


+------------------------------------------------------------------------------------------------------------------------------------------------------------------------------------------------------+
; Flow Non-Default Global Settings                                                                                                                                                                     ;
+-------------------------------------+---------------------------------------------------------------------------------------------------------+-----------------------+-------------+----------------+
; Assignment Name                     ; Value                                                                                                   ; Default Value         ; Entity Name ; Section Id     ;
+-------------------------------------+---------------------------------------------------------------------------------------------------------+-----------------------+-------------+----------------+
; COMPILER_SIGNATURE_ID               ; 102021913922901.149848539605428                                                                         ; --                    ; --          ; --             ;
; EDA_GENERATE_FUNCTIONAL_NETLIST     ; Off                                                                                                     ; --                    ; --          ; eda_simulation ;
; EDA_OUTPUT_DATA_FORMAT              ; Verilog Hdl                                                                                             ; --                    ; --          ; eda_simulation ;
; EDA_SIMULATION_TOOL                 ; ModelSim-Altera (Verilog)                                                                               ; <None>                ; --          ; --             ;
; EDA_TIME_SCALE                      ; 1 ps                                                                                                    ; --                    ; --          ; eda_simulation ;
; ENABLE_SIGNALTAP                    ; Off                                                                                                     ; --                    ; --          ; --             ;
; IP_TOOL_NAME                        ; ALTFP_SQRT                                                                                              ; --                    ; --          ; --             ;
; IP_TOOL_NAME                        ; ALTFP_MULT                                                                                              ; --                    ; --          ; --             ;
; IP_TOOL_NAME                        ; ALTFP_DIV                                                                                               ; --                    ; --          ; --             ;
; IP_TOOL_NAME                        ; ALTFP_CONVERT                                                                                           ; --                    ; --          ; --             ;
; IP_TOOL_NAME                        ; ALTFP_CONVERT                                                                                           ; --                    ; --          ; --             ;
; IP_TOOL_NAME                        ; ALTFP_ADD_SUB                                                                                           ; --                    ; --          ; --             ;
; IP_TOOL_NAME                        ; ALTFP_ABS                                                                                               ; --                    ; --          ; --             ;
; IP_TOOL_NAME                        ; ALTFP_COMPARE                                                                                           ; --                    ; --          ; --             ;
; IP_TOOL_NAME                        ; ALTPLL                                                                                                  ; --                    ; --          ; --             ;
; IP_TOOL_NAME                        ; RAM: 1-PORT                                                                                             ; --                    ; --          ; --             ;
; IP_TOOL_NAME                        ; RAM: 1-PORT                                                                                             ; --                    ; --          ; --             ;
; IP_TOOL_NAME                        ; RAM: 1-PORT                                                                                             ; --                    ; --          ; --             ;
; IP_TOOL_NAME                        ; RAM: 1-PORT                                                                                             ; --                    ; --          ; --             ;
; IP_TOOL_NAME                        ; ROM: 1-PORT                                                                                             ; --                    ; --          ; --             ;
; IP_TOOL_NAME                        ; ALTPLL                                                                                                  ; --                    ; --          ; --             ;
; IP_TOOL_NAME                        ; RAM: 2-PORT                                                                                             ; --                    ; --          ; --             ;
; IP_TOOL_NAME                        ; ROM: 1-PORT                                                                                             ; --                    ; --          ; --             ;
; IP_TOOL_NAME                        ; ROM: 1-PORT                                                                                             ; --                    ; --          ; --             ;
; IP_TOOL_NAME                        ; RAM: 2-PORT                                                                                             ; --                    ; --          ; --             ;
; IP_TOOL_VERSION                     ; 9.1                                                                                                     ; --                    ; --          ; --             ;
; IP_TOOL_VERSION                     ; 9.1                                                                                                     ; --                    ; --          ; --             ;
; IP_TOOL_VERSION                     ; 9.1                                                                                                     ; --                    ; --          ; --             ;
; IP_TOOL_VERSION                     ; 9.1                                                                                                     ; --                    ; --          ; --             ;
; IP_TOOL_VERSION                     ; 9.1                                                                                                     ; --                    ; --          ; --             ;
; IP_TOOL_VERSION                     ; 9.1                                                                                                     ; --                    ; --          ; --             ;
; IP_TOOL_VERSION                     ; 9.1                                                                                                     ; --                    ; --          ; --             ;
; IP_TOOL_VERSION                     ; 13.0                                                                                                    ; --                    ; --          ; --             ;
; IP_TOOL_VERSION                     ; 13.0                                                                                                    ; --                    ; --          ; --             ;
; IP_TOOL_VERSION                     ; 13.0                                                                                                    ; --                    ; --          ; --             ;
; IP_TOOL_VERSION                     ; 13.0                                                                                                    ; --                    ; --          ; --             ;
; IP_TOOL_VERSION                     ; 13.0                                                                                                    ; --                    ; --          ; --             ;
; IP_TOOL_VERSION                     ; 13.0                                                                                                    ; --                    ; --          ; --             ;
; IP_TOOL_VERSION                     ; 13.0                                                                                                    ; --                    ; --          ; --             ;
; IP_TOOL_VERSION                     ; 9.1                                                                                                     ; --                    ; --          ; --             ;
; IP_TOOL_VERSION                     ; 13.0                                                                                                    ; --                    ; --          ; --             ;
; IP_TOOL_VERSION                     ; 13.0                                                                                                    ; --                    ; --          ; --             ;
; IP_TOOL_VERSION                     ; 13.0                                                                                                    ; --                    ; --          ; --             ;
; IP_TOOL_VERSION                     ; 13.0                                                                                                    ; --                    ; --          ; --             ;
; MAX_CORE_JUNCTION_TEMP              ; 85                                                                                                      ; --                    ; --          ; --             ;
; MIN_CORE_JUNCTION_TEMP              ; 0                                                                                                       ; --                    ; --          ; --             ;
; MISC_FILE                           ; Cop1/sqrt_s_bb.v                                                                                        ; --                    ; --          ; --             ;
; MISC_FILE                           ; Cop1/mul_s_bb.v                                                                                         ; --                    ; --          ; --             ;
; MISC_FILE                           ; Cop1/div_s_bb.v                                                                                         ; --                    ; --          ; --             ;
; MISC_FILE                           ; Cop1/cvt_w_s_bb.v                                                                                       ; --                    ; --          ; --             ;
; MISC_FILE                           ; Cop1/cvt_s_w_bb.v                                                                                       ; --                    ; --          ; --             ;
; MISC_FILE                           ; Cop1/abs_s_bb.v                                                                                         ; --                    ; --          ; --             ;
; MISC_FILE                           ; Tempo/PLL.ppf                                                                                           ; --                    ; --          ; --             ;
; MISC_FILE                           ; VGA/VgaPll.ppf                                                                                          ; --                    ; --          ; --             ;
; PARTITION_COLOR                     ; 16764057                                                                                                ; --                    ; TopDE       ; Top            ;
; PARTITION_FITTER_PRESERVATION_LEVEL ; PLACEMENT_AND_ROUTING                                                                                   ; --                    ; TopDE       ; Top            ;
; PARTITION_NETLIST_TYPE              ; SOURCE                                                                                                  ; --                    ; TopDE       ; Top            ;
; POWER_BOARD_THERMAL_MODEL           ; None (CONSERVATIVE)                                                                                     ; --                    ; --          ; --             ;
; POWER_PRESET_COOLING_SOLUTION       ; 23 MM HEAT SINK WITH 200 LFPM AIRFLOW                                                                   ; --                    ; --          ; --             ;
; PROJECT_OUTPUT_DIRECTORY            ; output_files                                                                                            ; --                    ; --          ; --             ;
; SLD_FILE                            ; C:/Users/lamar/Dropbox/kiko/Disciplinas/UnB/OAC/2016-2/MIPS-PUM-v4.5/Core/Testes/stp1_auto_stripped.stp ; --                    ; --          ; --             ;
; SMART_RECOMPILE                     ; On                                                                                                      ; Off                   ; --          ; --             ;
; TIMEQUEST_DO_REPORT_TIMING          ; On                                                                                                      ; Off                   ; --          ; --             ;
; TOP_LEVEL_ENTITY                    ; TopDE                                                                                                   ; TopDE-FastCompilation ; --          ; --             ;
; USE_SIGNALTAP_FILE                  ; Testes/stp1.stp                                                                                         ; --                    ; --          ; --             ;
; VERILOG_INPUT_VERSION               ; SystemVerilog_2005                                                                                      ; Verilog_2001          ; --          ; --             ;
; VERILOG_SHOW_LMF_MAPPING_MESSAGES   ; Off                                                                                                     ; --                    ; --          ; --             ;
+-------------------------------------+---------------------------------------------------------------------------------------------------------+-----------------------+-------------+----------------+


+-------------------------------------------------------------------------------------------------------------------------------+
; Flow Elapsed Time                                                                                                             ;
+---------------------------+--------------+-------------------------+---------------------+------------------------------------+
; Module Name               ; Elapsed Time ; Average Processors Used ; Peak Virtual Memory ; Total CPU Time (on all processors) ;
+---------------------------+--------------+-------------------------+---------------------+------------------------------------+
; Analysis & Synthesis      ; 00:01:26     ; 1.0                     ; 664 MB              ; 00:01:23                           ;
; Fitter                    ; 00:04:41     ; 1.0                     ; 987 MB              ; 00:04:41                           ;
; Assembler                 ; 00:00:06     ; 1.0                     ; 499 MB              ; 00:00:06                           ;
; TimeQuest Timing Analyzer ; 00:00:12     ; 1.0                     ; 664 MB              ; 00:00:11                           ;
; EDA Netlist Writer        ; 00:00:14     ; 1.0                     ; 591 MB              ; 00:00:13                           ;
; EDA Netlist Writer        ; 00:00:02     ; 1.0                     ; 523 MB              ; 00:00:02                           ;
; EDA Netlist Writer        ; 00:00:14     ; 1.0                     ; 607 MB              ; 00:00:13                           ;
; Total                     ; 00:06:55     ; --                      ; --                  ; 00:06:49                           ;
+---------------------------+--------------+-------------------------+---------------------+------------------------------------+


+----------------------------------------------------------------------------------------+
; Flow OS Summary                                                                        ;
+---------------------------+------------------+-----------+------------+----------------+
; Module Name               ; Machine Hostname ; OS Name   ; OS Version ; Processor type ;
+---------------------------+------------------+-----------+------------+----------------+
; Analysis & Synthesis      ; box              ; Windows 7 ; 6.2        ; x86_64         ;
; Fitter                    ; box              ; Windows 7 ; 6.2        ; x86_64         ;
; Assembler                 ; box              ; Windows 7 ; 6.2        ; x86_64         ;
; TimeQuest Timing Analyzer ; box              ; Windows 7 ; 6.2        ; x86_64         ;
; EDA Netlist Writer        ; box              ; Windows 7 ; 6.2        ; x86_64         ;
; EDA Netlist Writer        ; box              ; Windows 7 ; 6.2        ; x86_64         ;
; EDA Netlist Writer        ; box              ; Windows 7 ; 6.2        ; x86_64         ;
+---------------------------+------------------+-----------+------------+----------------+


------------
; Flow Log ;
------------
quartus_map --read_settings_files=on --write_settings_files=off TopDE-FastCompilation -c TopDE-FastCompilation
quartus_fit --read_settings_files=off --write_settings_files=off TopDE-FastCompilation -c TopDE-FastCompilation
quartus_asm --read_settings_files=off --write_settings_files=off TopDE-FastCompilation -c TopDE-FastCompilation
quartus_sta TopDE-FastCompilation -c TopDE-FastCompilation
quartus_eda --read_settings_files=off --write_settings_files=off TopDE-FastCompilation -c TopDE-FastCompilation
quartus_eda --gen_testbench --check_outputs=on --tool=modelsim_oem --format=verilog TopDE-FastCompilation -c TopDE-FastCompilation --vector_source=C:/Users/cris/Documents/work/unb/OAC/labs/lab5/MIPS-PUM-v4.95/Core/output_files/Waveform-testes.vwf --testbench_file=./simulation/qsim/TopDE-FastCompilation.vt
quartus_eda --functional=off --timescale=1ps --simulation=on --tool=modelsim_oem --format=verilog TopDE-FastCompilation -c TopDE-FastCompilation



