MIF/HEX Update report for TopDE-FastCompilation
Tue Jun 13 23:09:57 2017
Quartus II 64-Bit Version 13.0.1 Build 232 06/12/2013 Service Pack 1 SJ Web Edition


---------------------
; Table of Contents ;
---------------------
  1. Legal Notice
  2. MIF/HEX Update Summary
  3. MIF/HEX Update Processed Files
  4. MIF/HEX Update Messages



----------------
; Legal Notice ;
----------------
Copyright (C) 1991-2013 Altera Corporation
Your use of Altera Corporation's design tools, logic functions 
and other software and tools, and its AMPP partner logic 
functions, and any output files from any of the foregoing 
(including device programming or simulation files), and any 
associated documentation or information are expressly subject 
to the terms and conditions of the Altera Program License 
Subscription Agreement, Altera MegaCore Function License 
Agreement, or other applicable license agreement, including, 
without limitation, that your use is for the sole purpose of 
programming logic devices manufactured by Altera and sold by 
Altera or its authorized distributors.  Please refer to the 
applicable agreement for further details.



+---------------------------------------------------------------+
; MIF/HEX Update Summary                                        ;
+-----------------------+---------------------------------------+
; MIF/HEX Update Status ; Successful - Tue Jun 13 23:09:57 2017 ;
; Revision Name         ; TopDE-FastCompilation                 ;
; Top-level Entity Name ; TopDE                                 ;
; Family                ; Cyclone II                            ;
; Device                ; EP2C70F896C6                          ;
+-----------------------+---------------------------------------+


+------------------------------------------------------------------------------------------------------------------------------------+
; MIF/HEX Update Processed Files                                                                                                     ;
+------------------------------------------------------------------------------------------------------------------------------------+
; File Name                                                                                                                          ;
+------------------------------------------------------------------------------------------------------------------------------------+
; C:/Users/lamar/Documents/Meus_documentos/kiko/Disciplinas/UnB/OAC/2017-1/MIPS-PUM-v4.85/MIPS-PUM-v4.95/Core/Sintetizador/notes.mif ;
; C:/Users/lamar/Documents/Meus_documentos/kiko/Disciplinas/UnB/OAC/2017-1/MIPS-PUM-v4.85/MIPS-PUM-v4.95/Core/Sintetizador/sine.mif  ;
; C:/Users/lamar/Documents/Meus_documentos/kiko/Disciplinas/UnB/OAC/2017-1/MIPS-PUM-v4.85/MIPS-PUM-v4.95/Core/bootloader.mif         ;
; C:/Users/lamar/Documents/Meus_documentos/kiko/Disciplinas/UnB/OAC/2017-1/MIPS-PUM-v4.85/MIPS-PUM-v4.95/Core/system_code.mif        ;
; C:/Users/lamar/Documents/Meus_documentos/kiko/Disciplinas/UnB/OAC/2017-1/MIPS-PUM-v4.85/MIPS-PUM-v4.95/Core/system_data.mif        ;
; C:/Users/lamar/Documents/Meus_documentos/kiko/Disciplinas/UnB/OAC/2017-1/MIPS-PUM-v4.85/MIPS-PUM-v4.95/Core/user_code.mif          ;
; C:/Users/lamar/Documents/Meus_documentos/kiko/Disciplinas/UnB/OAC/2017-1/MIPS-PUM-v4.85/MIPS-PUM-v4.95/Core/user_data.mif          ;
; C:/Users/lamar/Documents/Meus_documentos/kiko/Disciplinas/UnB/OAC/2017-1/MIPS-PUM-v4.85/MIPS-PUM-v4.95/Core/vga/gba.mif            ;
+------------------------------------------------------------------------------------------------------------------------------------+


+-------------------------+
; MIF/HEX Update Messages ;
+-------------------------+
Info: *******************************************************************
Info: Running Quartus II 64-Bit MIF/HEX Update
    Info: Version 13.0.1 Build 232 06/12/2013 Service Pack 1 SJ Web Edition
    Info: Processing started: Tue Jun 13 23:09:45 2017
Info: Command: quartus_cdb TopDE-FastCompilation -c TopDE-FastCompilation --update_mif
Warning (113028): 294 out of 2048 addresses are uninitialized. The Quartus II software will initialize them to "0". There are 1 warnings found, and 1 warnings are reported.
    Warning (113027): Addresses ranging from 1754 to 2047 are not initialized
Warning (113028): 59 out of 128 addresses are uninitialized. The Quartus II software will initialize them to "0". There are 1 warnings found, and 1 warnings are reported.
    Warning (113027): Addresses ranging from 69 to 127 are not initialized
Warning (113028): 2031 out of 2048 addresses are uninitialized. The Quartus II software will initialize them to "0". There are 1 warnings found, and 1 warnings are reported.
    Warning (113027): Addresses ranging from 17 to 2047 are not initialized
Warning (113028): 2044 out of 2048 addresses are uninitialized. The Quartus II software will initialize them to "0". There are 1 warnings found, and 1 warnings are reported.
    Warning (113027): Addresses ranging from 4 to 2047 are not initialized
Info (39024): Processed the following Memory Initialization File(s)
    Info (39025): Processed Memory Initialization File C:/Users/lamar/Documents/Meus_documentos/kiko/Disciplinas/UnB/OAC/2017-1/MIPS-PUM-v4.85/MIPS-PUM-v4.95/Core/Sintetizador/notes.mif
    Info (39025): Processed Memory Initialization File C:/Users/lamar/Documents/Meus_documentos/kiko/Disciplinas/UnB/OAC/2017-1/MIPS-PUM-v4.85/MIPS-PUM-v4.95/Core/Sintetizador/sine.mif
    Info (39025): Processed Memory Initialization File C:/Users/lamar/Documents/Meus_documentos/kiko/Disciplinas/UnB/OAC/2017-1/MIPS-PUM-v4.85/MIPS-PUM-v4.95/Core/bootloader.mif
    Info (39025): Processed Memory Initialization File C:/Users/lamar/Documents/Meus_documentos/kiko/Disciplinas/UnB/OAC/2017-1/MIPS-PUM-v4.85/MIPS-PUM-v4.95/Core/system_code.mif
    Info (39025): Processed Memory Initialization File C:/Users/lamar/Documents/Meus_documentos/kiko/Disciplinas/UnB/OAC/2017-1/MIPS-PUM-v4.85/MIPS-PUM-v4.95/Core/system_data.mif
    Info (39025): Processed Memory Initialization File C:/Users/lamar/Documents/Meus_documentos/kiko/Disciplinas/UnB/OAC/2017-1/MIPS-PUM-v4.85/MIPS-PUM-v4.95/Core/user_code.mif
    Info (39025): Processed Memory Initialization File C:/Users/lamar/Documents/Meus_documentos/kiko/Disciplinas/UnB/OAC/2017-1/MIPS-PUM-v4.85/MIPS-PUM-v4.95/Core/user_data.mif
    Info (39025): Processed Memory Initialization File C:/Users/lamar/Documents/Meus_documentos/kiko/Disciplinas/UnB/OAC/2017-1/MIPS-PUM-v4.85/MIPS-PUM-v4.95/Core/vga/gba.mif
Info: Quartus II 64-Bit MIF/HEX Update was successful. 0 errors, 8 warnings
    Info: Peak virtual memory: 644 megabytes
    Info: Processing ended: Tue Jun 13 23:09:58 2017
    Info: Elapsed time: 00:00:13
    Info: Total CPU time (on all processors): 00:00:12


